<html>
<head>
<title>TestNG:  WM_Login</title>
<link href="../testng.css" rel="stylesheet" type="text/css" />
<link href="../my-testng.css" rel="stylesheet" type="text/css" />

<style type="text/css">
.log { display: none;} 
.stack-trace { display: none;} 
</style>
<script type="text/javascript">
<!--
function flip(e) {
  current = e.style.display;
  if (current == 'block') {
    e.style.display = 'none';
    return 0;
  }
  else {
    e.style.display = 'block';
    return 1;
  }
}

function toggleBox(szDivId, elem, msg1, msg2)
{
  var res = -1;  if (document.getElementById) {
    res = flip(document.getElementById(szDivId));
  }
  else if (document.all) {
    // this is the way old msie versions work
    res = flip(document.all[szDivId]);
  }
  if(elem) {
    if(res == 0) elem.innerHTML = msg1; else elem.innerHTML = msg2;
  }

}

function toggleAllBoxes() {
  if (document.getElementsByTagName) {
    d = document.getElementsByTagName('div');
    for (i = 0; i < d.length; i++) {
      if (d[i].className == 'log') {
        flip(d[i]);
      }
    }
  }
}

// -->
</script>

</head>
<body>
<h2 align='center'>WM_Login</h2><table border='1' align="center">
<tr>
<td>Tests passed/Failed/Skipped:</td><td>0/1/0</td>
</tr><tr>
<td>Started on:</td><td>Tue May 08 11:01:12 EDT 2012</td>
</tr>
<tr><td>Total time:</td><td>423 seconds (423066 ms)</td>
</tr><tr>
<td>Included groups:</td><td></td>
</tr><tr>
<td>Excluded groups:</td><td></td>
</tr>
</table><p/>
<small><i>(Hover the method name to see the test class name)</i></small><p/>
<table width='100%' border='1' class='invocation-failed'>
<tr><td colspan='4' align='center'><b>FAILED TESTS</b></td></tr>
<tr><td><b>Test method</b></td>
<td width="30%"><b>Exception</b></td>
<td width="10%"><b>Time (seconds)</b></td>
<td><b>Instance</b></td>
</tr>
<tr>
<td title='org.urbandaddy.tests.UD_RegistrationFlow2.flow1()'><b>flow1</b><br>Test class: org.urbandaddy.tests.UD_RegistrationFlow2</td>
<td><div><pre>org.openqa.selenium.ElementNotVisibleException: Element is not currently visible and so may not be interacted with
Command duration or timeout: 96 milliseconds
Build info: version: &apos;2.19.0&apos;, revision: &apos;15848&apos;, time: &apos;2012-02-08 16:25:03&apos;
System info: os.name: &apos;Mac OS X&apos;, os.arch: &apos;x86_64&apos;, os.version: &apos;10.7.3&apos;, java.version: &apos;1.6.0_31&apos;
Driver info: driver.version: RemoteWebDriver
	at sun.reflect.NativeConstructorAccessorImpl.newInstance0(Native Method)
	at sun.reflect.NativeConstructorAccessorImpl.newInstance(NativeConstructorAccessorImpl.java:39)
	at sun.reflect.DelegatingConstructorAccessorImpl.newInstance(DelegatingConstructorAccessorImpl.java:27)
	at java.lang.reflect.Constructor.newInstance(Constructor.java:513)
	at org.openqa.selenium.remote.ErrorHandler.createThrowable(ErrorHandler.java:170)
	at org.openqa.selenium.remote.ErrorHandler.throwIfResponseFailed(ErrorHandler.java:123)
	at org.openqa.selenium.remote.RemoteWebDriver.execute(RemoteWebDriver.java:439)
	at org.openqa.selenium.remote.RemoteWebElement.execute(RemoteWebElement.java:231)
	at org.openqa.selenium.remote.RemoteWebElement.click(RemoteWebElement.java:72)
	at org.urbandaddy.helpers.SignupHelper_Client.checkSkiBoard(SignupHelper_Client.java:130)
	at org.urbandaddy.helpers.Comm.ITestCase.signUpUD_viaNewYorkStep1(ITestCase.java:556)
	at org.urbandaddy.helpers.Comm.ITestCase.signUpUD_viaNewYork(ITestCase.java:711)
	at org.urbandaddy.tests.UD_RegistrationFlow2.flow1(UD_RegistrationFlow2.java:17)
	at sun.reflect.NativeMethodAccessorImpl.invoke0(Native Method)
	at sun.reflect.NativeMethodAccessorImpl.invoke(NativeMethodAccessorImpl.java:39)
	at sun.reflect.DelegatingMethodAccessorImpl.invoke(DelegatingMethodAccessorImpl.java:25)
	at java.lang.reflect.Method.invoke(Method.java:597)
	at org.testng.internal.MethodInvocationHelper.invokeMethod(MethodInvocationHelper.java:80)
	at org.testng.internal.Invoker.invokeMethod(Invoker.java:702)
	at org.testng.internal.Invoker.invokeTestMethod(Invoker.java:894)
	at org.testng.internal.Invoker.invokeTestMethods(Invoker.java:1219)
	at org.testng.internal.TestMethodWorker.invokeTestMethods(TestMethodWorker.java:127)
	at org.testng.internal.TestMethodWorker.run(TestMethodWorker.java:111)
	at org.testng.TestRunner.privateRun(TestRunner.java:768)
	at org.testng.TestRunner.run(TestRunner.java:617)
	at org.testng.SuiteRunner.runTest(SuiteRunner.java:334)
	at org.testng.SuiteRunner.access$000(SuiteRunner.java:37)
	at org.testng.SuiteRunner$SuiteWorker.run(SuiteRunner.java:368)
	at org.testng.internal.thread.ThreadUtil$2.call(ThreadUtil.java:64)
	at java.util.concurrent.FutureTask$Sync.innerRun(FutureTask.java:303)
	at java.util.concurrent.FutureTask.run(FutureTask.java:138)
	at java.util.concurrent.ThreadPoolExecutor$Worker.runTask(ThreadPoolExecutor.java:886)
	at java.util.concurrent.ThreadPoolExecutor$Worker.run(ThreadPoolExecutor.java:908)
	at java.lang.Thread.run(Thread.java:680)
Caused by: org.openqa.selenium.remote.ErrorHandler$UnknownServerException: Element is not currently visible and so may not be interacted with
Build info: version: &apos;2.19.0&apos;, revision: &apos;15848&apos;, time: &apos;2012-02-08 16:25:03&apos;
System info: os.name: &apos;Mac OS X&apos;, os.arch: &apos;x86_64&apos;, os.version: &apos;10.7.3&apos;, java.version: &apos;1.6.0_31&apos;
Driver info: driver.version: unknown
	at &lt;anonymous class&gt;.&lt;anonymous method&gt;(file:///private/var/folders/3b/xkmcrmx95417jpm0s_rkll880000gp/T/anonymous4212492282161899065webdriver-profile/extensions/fxdriver@googlecode.com/resource/modules/atoms.js:9476)
	at &lt;anonymous class&gt;.&lt;anonymous method&gt;(file:///private/var/folders/3b/xkmcrmx95417jpm0s_rkll880000gp/T/anonymous4212492282161899065webdriver-profile/extensions/fxdriver@googlecode.com/resource/modules/atoms.js:10184)
	at &lt;anonymous class&gt;.&lt;anonymous method&gt;(file:///private/var/folders/3b/xkmcrmx95417jpm0s_rkll880000gp/T/anonymous4212492282161899065webdriver-profile/extensions/fxdriver@googlecode.com/components/command_processor.js:10232)
	at &lt;anonymous class&gt;.&lt;anonymous method&gt;(file:///private/var/folders/3b/xkmcrmx95417jpm0s_rkll880000gp/T/anonymous4212492282161899065webdriver-profile/extensions/fxdriver@googlecode.com/components/command_processor.js:268)
	at &lt;anonymous class&gt;.&lt;anonymous method&gt;(file:///private/var/folders/3b/xkmcrmx95417jpm0s_rkll880000gp/T/anonymous4212492282161899065webdriver-profile/extensions/fxdriver@googlecode.com/components/command_processor.js:10251)
	at &lt;anonymous class&gt;.&lt;anonymous method&gt;(file:///private/var/folders/3b/xkmcrmx95417jpm0s_rkll880000gp/T/anonymous4212492282161899065webdriver-profile/extensions/fxdriver@googlecode.com/components/command_processor.js:10256)
	at &lt;anonymous class&gt;.&lt;anonymous method&gt;(file:///private/var/folders/3b/xkmcrmx95417jpm0s_rkll880000gp/T/anonymous4212492282161899065webdriver-profile/extensions/fxdriver@googlecode.com/components/command_processor.js:10204)
</pre></div><a href='#' onClick='toggleBox("stack-trace1313211444", this, "Click to show all stack frames", "Click to hide stack frames")'>Click to show all stack frames</a>
<div class='stack-trace' id='stack-trace1313211444'><pre>org.openqa.selenium.ElementNotVisibleException: Element is not currently visible and so may not be interacted with
Command duration or timeout: 96 milliseconds
Build info: version: '2.19.0', revision: '15848', time: '2012-02-08 16:25:03'
System info: os.name: 'Mac OS X', os.arch: 'x86_64', os.version: '10.7.3', java.version: '1.6.0_31'
Driver info: driver.version: RemoteWebDriver
	at sun.reflect.NativeConstructorAccessorImpl.newInstance0(Native Method)
	at sun.reflect.NativeConstructorAccessorImpl.newInstance(NativeConstructorAccessorImpl.java:39)
	at sun.reflect.DelegatingConstructorAccessorImpl.newInstance(DelegatingConstructorAccessorImpl.java:27)
	at java.lang.reflect.Constructor.newInstance(Constructor.java:513)
	at org.openqa.selenium.remote.ErrorHandler.createThrowable(ErrorHandler.java:170)
	at org.openqa.selenium.remote.ErrorHandler.throwIfResponseFailed(ErrorHandler.java:123)
	at org.openqa.selenium.remote.RemoteWebDriver.execute(RemoteWebDriver.java:439)
	at org.openqa.selenium.remote.RemoteWebElement.execute(RemoteWebElement.java:231)
	at org.openqa.selenium.remote.RemoteWebElement.click(RemoteWebElement.java:72)
	at org.urbandaddy.helpers.SignupHelper_Client.checkSkiBoard(SignupHelper_Client.java:130)
	at org.urbandaddy.helpers.Comm.ITestCase.signUpUD_viaNewYorkStep1(ITestCase.java:556)
	at org.urbandaddy.helpers.Comm.ITestCase.signUpUD_viaNewYork(ITestCase.java:711)
	at org.urbandaddy.tests.UD_RegistrationFlow2.flow1(UD_RegistrationFlow2.java:17)
	at sun.reflect.NativeMethodAccessorImpl.invoke0(Native Method)
	at sun.reflect.NativeMethodAccessorImpl.invoke(NativeMethodAccessorImpl.java:39)
	at sun.reflect.DelegatingMethodAccessorImpl.invoke(DelegatingMethodAccessorImpl.java:25)
	at java.lang.reflect.Method.invoke(Method.java:597)
	at org.testng.internal.MethodInvocationHelper.invokeMethod(MethodInvocationHelper.java:80)
	at org.testng.internal.Invoker.invokeMethod(Invoker.java:702)
	at org.testng.internal.Invoker.invokeTestMethod(Invoker.java:894)
	at org.testng.internal.Invoker.invokeTestMethods(Invoker.java:1219)
	at org.testng.internal.TestMethodWorker.invokeTestMethods(TestMethodWorker.java:127)
	at org.testng.internal.TestMethodWorker.run(TestMethodWorker.java:111)
	at org.testng.TestRunner.privateRun(TestRunner.java:768)
	at org.testng.TestRunner.run(TestRunner.java:617)
	at org.testng.SuiteRunner.runTest(SuiteRunner.java:334)
	at org.testng.SuiteRunner.access$000(SuiteRunner.java:37)
	at org.testng.SuiteRunner$SuiteWorker.run(SuiteRunner.java:368)
	at org.testng.internal.thread.ThreadUtil$2.call(ThreadUtil.java:64)
	at java.util.concurrent.FutureTask$Sync.innerRun(FutureTask.java:303)
	at java.util.concurrent.FutureTask.run(FutureTask.java:138)
	at java.util.concurrent.ThreadPoolExecutor$Worker.runTask(ThreadPoolExecutor.java:886)
	at java.util.concurrent.ThreadPoolExecutor$Worker.run(ThreadPoolExecutor.java:908)
	at java.lang.Thread.run(Thread.java:680)
Caused by: org.openqa.selenium.remote.ErrorHandler$UnknownServerException: Element is not currently visible and so may not be interacted with
Build info: version: '2.19.0', revision: '15848', time: '2012-02-08 16:25:03'
System info: os.name: 'Mac OS X', os.arch: 'x86_64', os.version: '10.7.3', java.version: '1.6.0_31'
Driver info: driver.version: unknown
	at &lt;anonymous class&gt;.&lt;anonymous method&gt;(file:///private/var/folders/3b/xkmcrmx95417jpm0s_rkll880000gp/T/anonymous4212492282161899065webdriver-profile/extensions/fxdriver@googlecode.com/resource/modules/atoms.js:9476)
	at &lt;anonymous class&gt;.&lt;anonymous method&gt;(file:///private/var/folders/3b/xkmcrmx95417jpm0s_rkll880000gp/T/anonymous4212492282161899065webdriver-profile/extensions/fxdriver@googlecode.com/resource/modules/atoms.js:10184)
	at &lt;anonymous class&gt;.&lt;anonymous method&gt;(file:///private/var/folders/3b/xkmcrmx95417jpm0s_rkll880000gp/T/anonymous4212492282161899065webdriver-profile/extensions/fxdriver@googlecode.com/components/command_processor.js:10232)
	at &lt;anonymous class&gt;.&lt;anonymous method&gt;(file:///private/var/folders/3b/xkmcrmx95417jpm0s_rkll880000gp/T/anonymous4212492282161899065webdriver-profile/extensions/fxdriver@googlecode.com/components/command_processor.js:268)
	at &lt;anonymous class&gt;.&lt;anonymous method&gt;(file:///private/var/folders/3b/xkmcrmx95417jpm0s_rkll880000gp/T/anonymous4212492282161899065webdriver-profile/extensions/fxdriver@googlecode.com/components/command_processor.js:10251)
	at &lt;anonymous class&gt;.&lt;anonymous method&gt;(file:///private/var/folders/3b/xkmcrmx95417jpm0s_rkll880000gp/T/anonymous4212492282161899065webdriver-profile/extensions/fxdriver@googlecode.com/components/command_processor.js:10256)
	at &lt;anonymous class&gt;.&lt;anonymous method&gt;(file:///private/var/folders/3b/xkmcrmx95417jpm0s_rkll880000gp/T/anonymous4212492282161899065webdriver-profile/extensions/fxdriver@googlecode.com/components/command_processor.js:10204)
</pre></div></td>
<td>410</td>
<td>org.urbandaddy.tests.UD_RegistrationFlow2@5d6d2633</td></tr>
</table><p>
</body>
</html>