<?xml version="1.0" encoding="UTF-8"?>
<!-- Generated by org.testng.reporters.JUnitXMLReporter -->
<testsuite hostname="MISs-MacBook-Pro-3.local" name="WM_Login" tests="1" failures="1" timestamp="8 May 2012 15:08:15 GMT" time="423.066" errors="0">
  <testcase name="flow1" time="410.79" classname="org.urbandaddy.tests.UD_RegistrationFlow2">
    <failure type="org.openqa.selenium.ElementNotVisibleException" message="Element is not currently visible and so may not be interacted with
Command duration or timeout: 96 milliseconds
Build info: version: &amp;apos;2.19.0&amp;apos;, revision: &amp;apos;15848&amp;apos;, time: &amp;apos;2012-02-08 16:25:03&amp;apos;
System info: os.name: &amp;apos;Mac OS X&amp;apos;, os.arch: &amp;apos;x86_64&amp;apos;, os.version: &amp;apos;10.7.3&amp;apos;, java.version: &amp;apos;1.6.0_31&amp;apos;
Driver info: driver.version: RemoteWebDriver">
      <![CDATA[org.openqa.selenium.ElementNotVisibleException: Element is not currently visible and so may not be interacted with
Command duration or timeout: 96 milliseconds
Build info: version: '2.19.0', revision: '15848', time: '2012-02-08 16:25:03'
System info: os.name: 'Mac OS X', os.arch: 'x86_64', os.version: '10.7.3', java.version: '1.6.0_31'
Driver info: driver.version: RemoteWebDriver
	at sun.reflect.NativeConstructorAccessorImpl.newInstance0(Native Method)
	at sun.reflect.NativeConstructorAccessorImpl.newInstance(NativeConstructorAccessorImpl.java:39)
	at sun.reflect.DelegatingConstructorAccessorImpl.newInstance(DelegatingConstructorAccessorImpl.java:27)
	at java.lang.reflect.Constructor.newInstance(Constructor.java:513)
	at org.openqa.selenium.remote.ErrorHandler.createThrowable(ErrorHandler.java:170)
	at org.openqa.selenium.remote.ErrorHandler.throwIfResponseFailed(ErrorHandler.java:123)
	at org.openqa.selenium.remote.RemoteWebDriver.execute(RemoteWebDriver.java:439)
	at org.openqa.selenium.remote.RemoteWebElement.execute(RemoteWebElement.java:231)
	at org.openqa.selenium.remote.RemoteWebElement.click(RemoteWebElement.java:72)
	at org.urbandaddy.helpers.SignupHelper_Client.checkSkiBoard(SignupHelper_Client.java:130)
	at org.urbandaddy.helpers.Comm.ITestCase.signUpUD_viaNewYorkStep1(ITestCase.java:556)
	at org.urbandaddy.helpers.Comm.ITestCase.signUpUD_viaNewYork(ITestCase.java:711)
	at org.urbandaddy.tests.UD_RegistrationFlow2.flow1(UD_RegistrationFlow2.java:17)
	at sun.reflect.NativeMethodAccessorImpl.invoke0(Native Method)
	at sun.reflect.NativeMethodAccessorImpl.invoke(NativeMethodAccessorImpl.java:39)
	at sun.reflect.DelegatingMethodAccessorImpl.invoke(DelegatingMethodAccessorImpl.java:25)
	at java.lang.reflect.Method.invoke(Method.java:597)
	at org.testng.internal.MethodInvocationHelper.invokeMethod(MethodInvocationHelper.java:80)
	at org.testng.internal.Invoker.invokeMethod(Invoker.java:702)
	at org.testng.internal.Invoker.invokeTestMethod(Invoker.java:894)
	at org.testng.internal.Invoker.invokeTestMethods(Invoker.java:1219)
	at org.testng.internal.TestMethodWorker.invokeTestMethods(TestMethodWorker.java:127)
	at org.testng.internal.TestMethodWorker.run(TestMethodWorker.java:111)
	at org.testng.TestRunner.privateRun(TestRunner.java:768)
	at org.testng.TestRunner.run(TestRunner.java:617)
	at org.testng.SuiteRunner.runTest(SuiteRunner.java:334)
	at org.testng.SuiteRunner.access$000(SuiteRunner.java:37)
	at org.testng.SuiteRunner$SuiteWorker.run(SuiteRunner.java:368)
	at org.testng.internal.thread.ThreadUtil$2.call(ThreadUtil.java:64)
	at java.util.concurrent.FutureTask$Sync.innerRun(FutureTask.java:303)
	at java.util.concurrent.FutureTask.run(FutureTask.java:138)
	at java.util.concurrent.ThreadPoolExecutor$Worker.runTask(ThreadPoolExecutor.java:886)
	at java.util.concurrent.ThreadPoolExecutor$Worker.run(ThreadPoolExecutor.java:908)
	at java.lang.Thread.run(Thread.java:680)
Caused by: org.openqa.selenium.remote.ErrorHandler$UnknownServerException: Element is not currently visible and so may not be interacted with
Build info: version: '2.19.0', revision: '15848', time: '2012-02-08 16:25:03'
System info: os.name: 'Mac OS X', os.arch: 'x86_64', os.version: '10.7.3', java.version: '1.6.0_31'
Driver info: driver.version: unknown
	at <anonymous class>.<anonymous method>(file:///private/var/folders/3b/xkmcrmx95417jpm0s_rkll880000gp/T/anonymous4212492282161899065webdriver-profile/extensions/fxdriver@googlecode.com/resource/modules/atoms.js:9476)
	at <anonymous class>.<anonymous method>(file:///private/var/folders/3b/xkmcrmx95417jpm0s_rkll880000gp/T/anonymous4212492282161899065webdriver-profile/extensions/fxdriver@googlecode.com/resource/modules/atoms.js:10184)
	at <anonymous class>.<anonymous method>(file:///private/var/folders/3b/xkmcrmx95417jpm0s_rkll880000gp/T/anonymous4212492282161899065webdriver-profile/extensions/fxdriver@googlecode.com/components/command_processor.js:10232)
	at <anonymous class>.<anonymous method>(file:///private/var/folders/3b/xkmcrmx95417jpm0s_rkll880000gp/T/anonymous4212492282161899065webdriver-profile/extensions/fxdriver@googlecode.com/components/command_processor.js:268)
	at <anonymous class>.<anonymous method>(file:///private/var/folders/3b/xkmcrmx95417jpm0s_rkll880000gp/T/anonymous4212492282161899065webdriver-profile/extensions/fxdriver@googlecode.com/components/command_processor.js:10251)
	at <anonymous class>.<anonymous method>(file:///private/var/folders/3b/xkmcrmx95417jpm0s_rkll880000gp/T/anonymous4212492282161899065webdriver-profile/extensions/fxdriver@googlecode.com/components/command_processor.js:10256)
	at <anonymous class>.<anonymous method>(file:///private/var/folders/3b/xkmcrmx95417jpm0s_rkll880000gp/T/anonymous4212492282161899065webdriver-profile/extensions/fxdriver@googlecode.com/components/command_processor.js:10204)
]]>
    </failure>
  </testcase> <!-- flow1 -->
</testsuite> <!-- WM_Login -->
