<?xml version="1.0" encoding="UTF-8"?>
<!-- Generated by org.testng.reporters.JUnitXMLReporter -->
<testsuite hostname="MISs-MacBook-Pro-3.local" name="WM_Smoke" tests="1" failures="1" timestamp="3 May 2012 14:40:14 GMT" time="870.662" errors="0">
  <testcase name="flow1" time="859.039" classname="org.urbandaddy.tests.UD_RegistrationFlow1">
    <failure type="org.openqa.selenium.NoSuchElementException" message="Unable to locate element: {&amp;quot;method&amp;quot;:&amp;quot;xpath&amp;quot;,&amp;quot;selector&amp;quot;:&amp;quot;//html/body/div[1]/div[1]/div/div[2]/div/div[2]/a[13]/img&amp;quot;}
Command duration or timeout: 25 milliseconds
For documentation on this error, please visit: http://seleniumhq.org/exceptions/no_such_element.html
Build info: version: &amp;apos;2.19.0&amp;apos;, revision: &amp;apos;15848&amp;apos;, time: &amp;apos;2012-02-08 16:25:03&amp;apos;
System info: os.name: &amp;apos;Mac OS X&amp;apos;, os.arch: &amp;apos;x86_64&amp;apos;, os.version: &amp;apos;10.7.3&amp;apos;, java.version: &amp;apos;1.6.0_31&amp;apos;
Driver info: driver.version: RemoteWebDriver">
      <![CDATA[org.openqa.selenium.NoSuchElementException: Unable to locate element: {"method":"xpath","selector":"//html/body/div[1]/div[1]/div/div[2]/div/div[2]/a[13]/img"}
Command duration or timeout: 25 milliseconds
For documentation on this error, please visit: http://seleniumhq.org/exceptions/no_such_element.html
Build info: version: '2.19.0', revision: '15848', time: '2012-02-08 16:25:03'
System info: os.name: 'Mac OS X', os.arch: 'x86_64', os.version: '10.7.3', java.version: '1.6.0_31'
Driver info: driver.version: RemoteWebDriver
	at sun.reflect.GeneratedConstructorAccessor19.newInstance(Unknown Source)
	at sun.reflect.DelegatingConstructorAccessorImpl.newInstance(DelegatingConstructorAccessorImpl.java:27)
	at java.lang.reflect.Constructor.newInstance(Constructor.java:513)
	at org.openqa.selenium.remote.ErrorHandler.createThrowable(ErrorHandler.java:170)
	at org.openqa.selenium.remote.ErrorHandler.throwIfResponseFailed(ErrorHandler.java:123)
	at org.openqa.selenium.remote.RemoteWebDriver.execute(RemoteWebDriver.java:439)
	at org.openqa.selenium.remote.RemoteWebDriver.findElement(RemoteWebDriver.java:226)
	at org.openqa.selenium.remote.RemoteWebDriver.findElementByXPath(RemoteWebDriver.java:299)
	at org.openqa.selenium.By$ByXPath.findElement(By.java:344)
	at org.openqa.selenium.remote.RemoteWebDriver.findElement(RemoteWebDriver.java:218)
	at org.urbandaddy.helpers.HomepageHelper_Client.clickSanFrancisco(HomepageHelper_Client.java:286)
	at org.urbandaddy.helpers.Comm.ITestCase.accessSanFranciscoFromUDHomepage(ITestCase.java:760)
	at org.urbandaddy.tests.UD_RegistrationFlow1.flow1(UD_RegistrationFlow1.java:63)
	at sun.reflect.NativeMethodAccessorImpl.invoke0(Native Method)
	at sun.reflect.NativeMethodAccessorImpl.invoke(NativeMethodAccessorImpl.java:39)
	at sun.reflect.DelegatingMethodAccessorImpl.invoke(DelegatingMethodAccessorImpl.java:25)
	at java.lang.reflect.Method.invoke(Method.java:597)
	at org.testng.internal.MethodInvocationHelper.invokeMethod(MethodInvocationHelper.java:80)
	at org.testng.internal.Invoker.invokeMethod(Invoker.java:702)
	at org.testng.internal.Invoker.invokeTestMethod(Invoker.java:894)
	at org.testng.internal.Invoker.invokeTestMethods(Invoker.java:1219)
	at org.testng.internal.TestMethodWorker.invokeTestMethods(TestMethodWorker.java:127)
	at org.testng.internal.TestMethodWorker.run(TestMethodWorker.java:111)
	at org.testng.TestRunner.privateRun(TestRunner.java:768)
	at org.testng.TestRunner.run(TestRunner.java:617)
	at org.testng.SuiteRunner.runTest(SuiteRunner.java:334)
	at org.testng.SuiteRunner.access$000(SuiteRunner.java:37)
	at org.testng.SuiteRunner$SuiteWorker.run(SuiteRunner.java:368)
	at org.testng.internal.thread.ThreadUtil$2.call(ThreadUtil.java:64)
	at java.util.concurrent.FutureTask$Sync.innerRun(FutureTask.java:303)
	at java.util.concurrent.FutureTask.run(FutureTask.java:138)
	at java.util.concurrent.ThreadPoolExecutor$Worker.runTask(ThreadPoolExecutor.java:886)
	at java.util.concurrent.ThreadPoolExecutor$Worker.run(ThreadPoolExecutor.java:908)
	at java.lang.Thread.run(Thread.java:680)
Caused by: org.openqa.selenium.remote.ErrorHandler$UnknownServerException: Unable to locate element: {"method":"xpath","selector":"//html/body/div[1]/div[1]/div/div[2]/div/div[2]/a[13]/img"}
Build info: version: '2.19.0', revision: '15848', time: '2012-02-08 16:25:03'
System info: os.name: 'Mac OS X', os.arch: 'x86_64', os.version: '10.7.3', java.version: '1.6.0_31'
Driver info: driver.version: unknown
	at <anonymous class>.<anonymous method>(file:///private/var/folders/3b/xkmcrmx95417jpm0s_rkll880000gp/T/anonymous5518464939025164436webdriver-profile/extensions/fxdriver@googlecode.com/resource/modules/atoms.js:9476)
	at <anonymous class>.<anonymous method>(file:///private/var/folders/3b/xkmcrmx95417jpm0s_rkll880000gp/T/anonymous5518464939025164436webdriver-profile/extensions/fxdriver@googlecode.com/components/driver-component.js -> file:///private/var/folders/3b/xkmcrmx95417jpm0s_rkll880000gp/T/anonymous5518464939025164436webdriver-profile/extensions/fxdriver@googlecode.com/components/firefoxDriver.js:402)
	at <anonymous class>.<anonymous method>(file:///private/var/folders/3b/xkmcrmx95417jpm0s_rkll880000gp/T/anonymous5518464939025164436webdriver-profile/extensions/fxdriver@googlecode.com/components/driver-component.js -> file:///private/var/folders/3b/xkmcrmx95417jpm0s_rkll880000gp/T/anonymous5518464939025164436webdriver-profile/extensions/fxdriver@googlecode.com/components/firefoxDriver.js:427)
	at <anonymous class>.<anonymous method>(file:///private/var/folders/3b/xkmcrmx95417jpm0s_rkll880000gp/T/anonymous5518464939025164436webdriver-profile/extensions/fxdriver@googlecode.com/components/command_processor.js:268)
	at <anonymous class>.<anonymous method>(file:///private/var/folders/3b/xkmcrmx95417jpm0s_rkll880000gp/T/anonymous5518464939025164436webdriver-profile/extensions/fxdriver@googlecode.com/components/command_processor.js:10251)
	at <anonymous class>.<anonymous method>(file:///private/var/folders/3b/xkmcrmx95417jpm0s_rkll880000gp/T/anonymous5518464939025164436webdriver-profile/extensions/fxdriver@googlecode.com/components/command_processor.js:10256)
	at <anonymous class>.<anonymous method>(file:///private/var/folders/3b/xkmcrmx95417jpm0s_rkll880000gp/T/anonymous5518464939025164436webdriver-profile/extensions/fxdriver@googlecode.com/components/command_processor.js:10204)
]]>
    </failure>
  </testcase> <!-- flow1 -->
</testsuite> <!-- WM_Smoke -->
