<?xml version="1.0" encoding="UTF-8"?>
<testng-results skipped="1" failed="0" total="1" passed="0">
  <reporter-output>
  </reporter-output>
  <suite name="UD_Smoke" duration-ms="69990" started-at="2012-05-18T16:54:13Z" finished-at="2012-05-18T16:55:23Z">
    <groups>
      <group name="Smoke">
        <method signature="UD_RegistrationFlow2.flow1()[pri:0, instance:org.urbandaddy.tests.UD_RegistrationFlow2@5f4275d4]" name="flow1" class="org.urbandaddy.tests.UD_RegistrationFlow2"/>
      </group> <!-- Smoke -->
    </groups>
    <test name="UD_Smoke" duration-ms="69990" started-at="2012-05-18T16:54:13Z" finished-at="2012-05-18T16:55:23Z">
      <class name="org.urbandaddy.tests.UD_RegistrationFlow2">
        <test-method status="PASS" signature="beforeMainTest()[pri:0, instance:org.urbandaddy.tests.UD_RegistrationFlow2@5f4275d4]" name="beforeMainTest" is-config="true" duration-ms="13" started-at="2012-05-18T16:54:13Z" finished-at="2012-05-18T16:54:13Z">
        </test-method> <!-- beforeMainTest -->
        <test-method status="PASS" signature="beforeMainClass()[pri:0, instance:org.urbandaddy.tests.UD_RegistrationFlow2@5f4275d4]" name="beforeMainClass" is-config="true" duration-ms="1" started-at="2012-05-18T16:54:13Z" finished-at="2012-05-18T16:54:13Z">
        </test-method> <!-- beforeMainClass -->
        <test-method status="FAIL" signature="beforeMainMethod(java.lang.String, java.lang.String)[pri:0, instance:org.urbandaddy.tests.UD_RegistrationFlow2@5f4275d4]" name="beforeMainMethod" is-config="true" duration-ms="0" started-at="2012-05-18T16:54:13Z" finished-at="2012-05-18T16:54:13Z">
          <params>
            <param index="0">
              <value>
                <![CDATA[FirefoxRemote12]]>
              </value>
            </param>
            <param index="1">
              <value>
                <![CDATA[]]>
              </value>
            </param>
          </params>
          <exception class="org.openqa.selenium.WebDriverException">
            <message>
              <![CDATA[Error forwarding the new session Error forwarding the request Connection to http://10.99.39.49:5555 refused
Command duration or timeout: 69.65 seconds
Build info: version: '2.19.0', revision: '15848', time: '2012-02-08 16:25:03'
System info: os.name: 'Mac OS X', os.arch: 'x86_64', os.version: '10.7.3', java.version: '1.6.0_31'
Driver info: driver.version: RemoteWebDriver]]>
            </message>
            <full-stacktrace>
              <![CDATA[org.openqa.selenium.WebDriverException: Error forwarding the new session Error forwarding the request Connection to http://10.99.39.49:5555 refused
Command duration or timeout: 69.65 seconds
Build info: version: '2.19.0', revision: '15848', time: '2012-02-08 16:25:03'
System info: os.name: 'Mac OS X', os.arch: 'x86_64', os.version: '10.7.3', java.version: '1.6.0_31'
Driver info: driver.version: RemoteWebDriver
	at sun.reflect.NativeConstructorAccessorImpl.newInstance0(Native Method)
	at sun.reflect.NativeConstructorAccessorImpl.newInstance(NativeConstructorAccessorImpl.java:39)
	at sun.reflect.DelegatingConstructorAccessorImpl.newInstance(DelegatingConstructorAccessorImpl.java:27)
	at java.lang.reflect.Constructor.newInstance(Constructor.java:513)
	at org.openqa.selenium.remote.ErrorHandler.createThrowable(ErrorHandler.java:170)
	at org.openqa.selenium.remote.ErrorHandler.throwIfResponseFailed(ErrorHandler.java:123)
	at org.openqa.selenium.remote.RemoteWebDriver.execute(RemoteWebDriver.java:439)
	at org.openqa.selenium.remote.RemoteWebDriver.startSession(RemoteWebDriver.java:139)
	at org.openqa.selenium.remote.RemoteWebDriver.<init>(RemoteWebDriver.java:94)
	at org.openqa.selenium.remote.RemoteWebDriver.<init>(RemoteWebDriver.java:102)
	at org.urbandaddy.helpers.Comm.ITestCase.beforeMainMethod(ITestCase.java:106)
	at sun.reflect.NativeMethodAccessorImpl.invoke0(Native Method)
	at sun.reflect.NativeMethodAccessorImpl.invoke(NativeMethodAccessorImpl.java:39)
	at sun.reflect.DelegatingMethodAccessorImpl.invoke(DelegatingMethodAccessorImpl.java:25)
	at java.lang.reflect.Method.invoke(Method.java:597)
	at org.testng.internal.MethodInvocationHelper.invokeMethod(MethodInvocationHelper.java:80)
	at org.testng.internal.Invoker.invokeConfigurationMethod(Invoker.java:551)
	at org.testng.internal.Invoker.invokeConfigurations(Invoker.java:213)
	at org.testng.internal.Invoker.invokeMethod(Invoker.java:640)
	at org.testng.internal.Invoker.invokeTestMethod(Invoker.java:894)
	at org.testng.internal.Invoker.invokeTestMethods(Invoker.java:1219)
	at org.testng.internal.TestMethodWorker.invokeTestMethods(TestMethodWorker.java:127)
	at org.testng.internal.TestMethodWorker.run(TestMethodWorker.java:111)
	at org.testng.TestRunner.privateRun(TestRunner.java:768)
	at org.testng.TestRunner.run(TestRunner.java:617)
	at org.testng.SuiteRunner.runTest(SuiteRunner.java:334)
	at org.testng.SuiteRunner.access$000(SuiteRunner.java:37)
	at org.testng.SuiteRunner$SuiteWorker.run(SuiteRunner.java:368)
	at org.testng.internal.thread.ThreadUtil$2.call(ThreadUtil.java:64)
	at java.util.concurrent.FutureTask$Sync.innerRun(FutureTask.java:303)
	at java.util.concurrent.FutureTask.run(FutureTask.java:138)
	at java.util.concurrent.ThreadPoolExecutor$Worker.runTask(ThreadPoolExecutor.java:886)
	at java.util.concurrent.ThreadPoolExecutor$Worker.run(ThreadPoolExecutor.java:908)
	at java.lang.Thread.run(Thread.java:680)
Caused by: org.openqa.grid.common.exception.GridException: Error forwarding the new session Error forwarding the request Connection to http://10.99.39.49:5555 refused
	at org.openqa.grid.web.servlet.handler.RequestHandler.process(RequestHandler.java:151)
	at org.openqa.grid.web.servlet.DriverServlet.process(DriverServlet.java:81)
	at org.openqa.grid.web.servlet.DriverServlet.doPost(DriverServlet.java:67)
	at javax.servlet.http.HttpServlet.service(HttpServlet.java:727)
	at javax.servlet.http.HttpServlet.service(HttpServlet.java:820)
	at org.openqa.jetty.jetty.servlet.ServletHolder.handle(ServletHolder.java:428)
	at org.openqa.jetty.jetty.servlet.WebApplicationHandler.dispatch(WebApplicationHandler.java:473)
	at org.openqa.jetty.jetty.servlet.ServletHandler.handle(ServletHandler.java:568)
	at org.openqa.jetty.http.HttpContext.handle(HttpContext.java:1530)
	at org.openqa.jetty.jetty.servlet.WebApplicationContext.handle(WebApplicationContext.java:633)
	at org.openqa.jetty.http.HttpContext.handle(HttpContext.java:1482)
	at org.openqa.jetty.http.HttpServer.service(HttpServer.java:909)
	at org.openqa.jetty.http.HttpConnection.service(HttpConnection.java:820)
	at org.openqa.jetty.http.HttpConnection.handleNext(HttpConnection.java:986)
	at org.openqa.jetty.http.HttpConnection.handle(HttpConnection.java:837)
	at org.openqa.jetty.http.SocketListener.handleConnection(SocketListener.java:243)
	at org.openqa.jetty.util.ThreadedServer.handle(ThreadedServer.java:357)
	at org.openqa.jetty.util.ThreadPool$PoolThread.run(ThreadPool.java:534)
]]>
            </full-stacktrace>
          </exception> <!-- org.openqa.selenium.WebDriverException -->
        </test-method> <!-- beforeMainMethod -->
        <test-method status="SKIP" signature="flow1()[pri:0, instance:org.urbandaddy.tests.UD_RegistrationFlow2@5f4275d4]" name="flow1" duration-ms="1" started-at="2012-05-18T16:55:23Z" finished-at="2012-05-18T16:55:23Z">
        </test-method> <!-- flow1 -->
        <test-method status="SKIP" signature="afterMainClass()[pri:0, instance:org.urbandaddy.tests.UD_RegistrationFlow2@5f4275d4]" name="afterMainClass" is-config="true" duration-ms="0" started-at="2012-05-18T16:55:23Z" finished-at="2012-05-18T16:55:23Z">
        </test-method> <!-- afterMainClass -->
        <test-method status="SKIP" signature="afterMainMethod()[pri:0, instance:org.urbandaddy.tests.UD_RegistrationFlow2@5f4275d4]" name="afterMainMethod" is-config="true" duration-ms="0" started-at="2012-05-18T16:55:23Z" finished-at="2012-05-18T16:55:23Z">
        </test-method> <!-- afterMainMethod -->
        <test-method status="SKIP" signature="afterMainTest()[pri:0, instance:org.urbandaddy.tests.UD_RegistrationFlow2@5f4275d4]" name="afterMainTest" is-config="true" duration-ms="0" started-at="2012-05-18T16:55:23Z" finished-at="2012-05-18T16:55:23Z">
        </test-method> <!-- afterMainTest -->
      </class> <!-- org.urbandaddy.tests.UD_RegistrationFlow2 -->
    </test> <!-- UD_Smoke -->
  </suite> <!-- UD_Smoke -->
</testng-results>
